Start testing: Dec 14 21:57 IST
----------------------------------------------------------
1/2 Testing: new:DOTParserTest.ParseValidDotFile
1/2 Test: new:DOTParserTest.ParseValidDotFile
Command: "/home/anuparna/anuparna/dsl/build/bin/flexnoc_unit_tests" "--gtest_filter=DOTParserTest.ParseValidDotFile" "--gtest_also_run_disabled_tests"
Directory: /home/anuparna/anuparna/dsl/build/test
"new:DOTParserTest.ParseValidDotFile" start time: Dec 14 21:57 IST
Output:
----------------------------------------------------------
Running main() from /data/home/anuparna/conan/.conan/data/gtest/1.15.0/_/_/build/fad4f20dcccb91f288c5e1c3c6370be311eb3026/src/googletest/src/gtest_main.cc
Note: Google Test filter = DOTParserTest.ParseValidDotFile
[==========] Running 1 test from 1 test suite.
[----------] Global test environment set-up.
[----------] 1 test from DOTParserTest
[ RUN      ] DOTParserTest.ParseValidDotFile
DOT file path: "/home/anuparna/anuparna/dsl/test/test_graph.dot"
[       OK ] DOTParserTest.ParseValidDotFile (0 ms)
[----------] 1 test from DOTParserTest (0 ms total)

[----------] Global test environment tear-down
[==========] 1 test from 1 test suite ran. (0 ms total)
[  PASSED  ] 1 test.
<end of output>
Test time =   0.00 sec
----------------------------------------------------------
Test Passed.
"new:DOTParserTest.ParseValidDotFile" end time: Dec 14 21:57 IST
"new:DOTParserTest.ParseValidDotFile" time elapsed: 00:00:00
----------------------------------------------------------

2/2 Testing: new:DOTParserTest.ParseInvalidDotFileRaisesException
2/2 Test: new:DOTParserTest.ParseInvalidDotFileRaisesException
Command: "/home/anuparna/anuparna/dsl/build/bin/flexnoc_unit_tests" "--gtest_filter=DOTParserTest.ParseInvalidDotFileRaisesException" "--gtest_also_run_disabled_tests"
Directory: /home/anuparna/anuparna/dsl/build/test
"new:DOTParserTest.ParseInvalidDotFileRaisesException" start time: Dec 14 21:57 IST
Output:
----------------------------------------------------------
Running main() from /data/home/anuparna/conan/.conan/data/gtest/1.15.0/_/_/build/fad4f20dcccb91f288c5e1c3c6370be311eb3026/src/googletest/src/gtest_main.cc
Note: Google Test filter = DOTParserTest.ParseInvalidDotFileRaisesException
[==========] Running 1 test from 1 test suite.
[----------] Global test environment set-up.
[----------] 1 test from DOTParserTest
[ RUN      ] DOTParserTest.ParseInvalidDotFileRaisesException
Syntax error at line 1:0 - mismatched input 'A' expecting {STRICT, GRAPH, DIGRAPH}
[       OK ] DOTParserTest.ParseInvalidDotFileRaisesException (0 ms)
[----------] 1 test from DOTParserTest (0 ms total)

[----------] Global test environment tear-down
[==========] 1 test from 1 test suite ran. (0 ms total)
[  PASSED  ] 1 test.
<end of output>
Test time =   0.01 sec
----------------------------------------------------------
Test Passed.
"new:DOTParserTest.ParseInvalidDotFileRaisesException" end time: Dec 14 21:57 IST
"new:DOTParserTest.ParseInvalidDotFileRaisesException" time elapsed: 00:00:00
----------------------------------------------------------

End testing: Dec 14 21:57 IST
